#
# There is insufficient memory for the Java Runtime Environment to continue.
# Native memory allocation (malloc) failed to allocate 1048576 bytes for AllocateHeap
# Possible reasons:
#   The system is out of physical RAM or swap space
#   In 32 bit mode, the process size limit was hit
# Possible solutions:
#   Reduce memory load on the system
#   Increase physical memory or swap space
#   Check if swap backing store is full
#   Use 64 bit Java on a 64 bit OS
#   Decrease Java heap size (-Xmx/-Xms)
#   Decrease number of Java threads
#   Decrease Java thread stack sizes (-Xss)
#   Set larger code cache with -XX:ReservedCodeCacheSize=
# This output file may be truncated or incomplete.
#
#  Out of Memory Error (memory/allocation.inline.hpp:61), pid=9388, tid=0x0000000000001804
#
# JRE version:  (8.0_141-b15) (build )
# Java VM: Java HotSpot(TM) 64-Bit Server VM (25.141-b15 mixed mode windows-amd64 compressed oops)
# Failed to write core dump. Minidumps are not enabled by default on client versions of Windows
#

---------------  T H R E A D  ---------------

Current thread (0x0000000002149000):  JavaThread "Unknown thread" [_thread_in_vm, id=6148, stack(0x0000000002300000,0x0000000002400000)]

Stack: [0x0000000002300000,0x0000000002400000]
[error occurred during error reporting (printing stack bounds), id 0xc0000005]

Native frames: (J=compiled Java code, j=interpreted, Vv=VM code, C=native code)


---------------  P R O C E S S  ---------------

Java Threads: ( => current thread )

Other Threads:

=>0x0000000002149000 (exited) JavaThread "Unknown thread" [_thread_in_vm, id=6148, stack(0x0000000002300000,0x0000000002400000)]

VM state:not at safepoint (normal execution)

VM Mutex/Monitor currently owned by a thread: None

Heap:
 PSYoungGen      total 153088K, used 2631K [0x0000000715980000, 0x0000000720400000, 0x00000007c0000000)
  eden space 131584K, 2% used [0x0000000715980000,0x0000000715c11ec8,0x000000071da00000)
  from space 21504K, 0% used [0x000000071ef00000,0x000000071ef00000,0x0000000720400000)
  to   space 21504K, 0% used [0x000000071da00000,0x000000071da00000,0x000000071ef00000)
 ParOldGen       total 349696K, used 0K [0x00000005c0c00000, 0x00000005d6180000, 0x0000000715980000)
  object space 349696K, 0% used [0x00000005c0c00000,0x00000005c0c00000,0x00000005d6180000)
 Metaspace       used 781K, capacity 4480K, committed 4480K, reserved 1056768K
  class space    used 75K, capacity 384K, committed 384K, reserved 1048576K

Card table byte_map: [0x0000000011d50000,0x0000000012d50000] byte_map_base: 0x000000000ef4a000

Marking Bits: (ParMarkBitMap*) 0x0000000055f4d850
 Begin Bits: [0x0000000014340000, 0x000000001c310000)
 End Bits:   [0x000000001c310000, 0x00000000242e0000)

Polling page: 0x0000000000230000

CodeCache: size=245760Kb used=328Kb max_used=328Kb free=245431Kb
 bounds [0x0000000002990000, 0x0000000002c00000, 0x0000000011990000]
 total_blobs=58 nmethods=0 adapters=38
 compilation: enabled

Compilation events (0 events):
No events

GC Heap History (0 events):
No events

Deoptimization events (0 events):
No events

Internal exceptions (0 events):
No events

Events (10 events):
Event: 0.042 loading class java/lang/Short
Event: 0.042 loading class java/lang/Short done
Event: 0.042 loading class java/lang/Integer
Event: 0.042 loading class java/lang/Integer done
Event: 0.042 loading class java/lang/Long
Event: 0.042 loading class java/lang/Long done
Event: 0.042 loading class java/lang/NullPointerException
Event: 0.043 loading class java/lang/NullPointerException done
Event: 0.043 loading class java/lang/ArithmeticException
Event: 0.043 loading class java/lang/ArithmeticException done


Dynamic libraries:
0x000000013f3d0000 - 0x000000013f407000 	C:\Program Files\Java\jdk1.8.0_141\bin\java.exe
0x0000000077470000 - 0x000000007761a000 	C:\Windows\SYSTEM32\ntdll.dll
0x0000000077350000 - 0x000000007746f000 	C:\Windows\system32\kernel32.dll
0x000007fefd2e0000 - 0x000007fefd34a000 	C:\Windows\system32\KERNELBASE.dll
0x000007fefef10000 - 0x000007fefefeb000 	C:\Windows\system32\ADVAPI32.dll
0x000007fefe9e0000 - 0x000007fefea7f000 	C:\Windows\system32\msvcrt.dll
0x000007fefe510000 - 0x000007fefe52f000 	C:\Windows\SYSTEM32\sechost.dll
0x000007fefe8b0000 - 0x000007fefe9dd000 	C:\Windows\system32\RPCRT4.dll
0x0000000077250000 - 0x000000007734a000 	C:\Windows\system32\USER32.dll
0x000007fefe530000 - 0x000007fefe597000 	C:\Windows\system32\GDI32.dll
0x000007fefd5c0000 - 0x000007fefd5ce000 	C:\Windows\system32\LPK.dll
0x000007feff6b0000 - 0x000007feff77b000 	C:\Windows\system32\USP10.dll
0x000007fefb300000 - 0x000007fefb4f4000 	C:\Windows\WinSxS\amd64_microsoft.windows.common-controls_6595b64144ccf1df_6.0.7601.18837_none_fa3b1e3d17594757\COMCTL32.dll
0x000007feff4a0000 - 0x000007feff511000 	C:\Windows\system32\SHLWAPI.dll
0x000007fefd670000 - 0x000007fefd69e000 	C:\Windows\system32\IMM32.DLL
0x000007fefe5a0000 - 0x000007fefe6a9000 	C:\Windows\system32\MSCTF.dll
0x0000000055fd0000 - 0x00000000560a2000 	C:\Program Files\Java\jdk1.8.0_141\jre\bin\msvcr100.dll
0x0000000055730000 - 0x0000000055fcd000 	C:\Program Files\Java\jdk1.8.0_141\jre\bin\server\jvm.dll
0x000007feed110000 - 0x000007feed119000 	C:\Windows\system32\WSOCK32.dll
0x000007fefedc0000 - 0x000007fefee0d000 	C:\Windows\system32\WS2_32.dll
0x000007fefea80000 - 0x000007fefea88000 	C:\Windows\system32\NSI.dll
0x000007fefb0a0000 - 0x000007fefb0db000 	C:\Windows\system32\WINMM.dll
0x000007fefc1a0000 - 0x000007fefc1ac000 	C:\Windows\system32\VERSION.dll
0x0000000077640000 - 0x0000000077647000 	C:\Windows\system32\PSAPI.DLL
0x00000000740a0000 - 0x00000000740af000 	C:\Program Files\Java\jdk1.8.0_141\jre\bin\verify.dll
0x0000000055700000 - 0x0000000055729000 	C:\Program Files\Java\jdk1.8.0_141\jre\bin\java.dll
0x0000000055630000 - 0x0000000055665000 	C:\Program Files\Java\jdk1.8.0_141\jre\bin\jdwp.dll
0x000000005bf30000 - 0x000000005bf38000 	C:\Program Files\Java\jdk1.8.0_141\jre\bin\npt.dll
0x00000000556d0000 - 0x00000000556f3000 	C:\Program Files\Java\jdk1.8.0_141\jre\bin\instrument.dll
0x00000000556b0000 - 0x00000000556c6000 	C:\Program Files\Java\jdk1.8.0_141\jre\bin\zip.dll

VM Arguments:
jvm_args: -agentlib:jdwp=transport=dt_socket,address=127.0.0.1:55381,suspend=y,server=n -ea -Didea.test.cyclic.buffer.size=1048576 -javaagent:C:\Users\arama\.IntelliJIdea2017.1\system\groovyHotSwap\gragent.jar -Dfile.encoding=UTF-8 
java_command: com.intellij.rt.execution.junit.JUnitStarter -ideVersion5 com.packtpublishing.tddjava.ch03tictactoe.TicTacToeSpec,whenWinningLineExistThenHaveWinner
java_class_path (initial): C:\Program Files\JetBrains\IntelliJ IDEA 2017.1.5\lib\idea_rt.jar;C:\Program Files\JetBrains\IntelliJ IDEA 2017.1.5\plugins\junit\lib\junit-rt.jar;C:\Program Files\Java\jdk1.8.0_141\jre\lib\charsets.jar;C:\Program Files\Java\jdk1.8.0_141\jre\lib\deploy.jar;C:\Program Files\Java\jdk1.8.0_141\jre\lib\ext\access-bridge-64.jar;C:\Program Files\Java\jdk1.8.0_141\jre\lib\ext\cldrdata.jar;C:\Program Files\Java\jdk1.8.0_141\jre\lib\ext\dnsns.jar;C:\Program Files\Java\jdk1.8.0_141\jre\lib\ext\jaccess.jar;C:\Program Files\Java\jdk1.8.0_141\jre\lib\ext\jfxrt.jar;C:\Program Files\Java\jdk1.8.0_141\jre\lib\ext\localedata.jar;C:\Program Files\Java\jdk1.8.0_141\jre\lib\ext\nashorn.jar;C:\Program Files\Java\jdk1.8.0_141\jre\lib\ext\sunec.jar;C:\Program Files\Java\jdk1.8.0_141\jre\lib\ext\sunjce_provider.jar;C:\Program Files\Java\jdk1.8.0_141\jre\lib\ext\sunmscapi.jar;C:\Program Files\Java\jdk1.8.0_141\jre\lib\ext\sunpkcs11.jar;C:\Program Files\Java\jdk1.8.0_141\jre\lib\ext\zipfs.jar;C:\Program Files\Java\jdk1.8.0_141\jre\lib\javaws.jar;C:\Program Files\Java\jdk1.8.0_141\jre\lib\jce.jar;C:\Program Files\Java\jdk1.8.0_141\jre\lib\jfr.jar;C:\Program Files\Java\jdk1.8.0_141\jre\lib\jfxswt.jar;C:\Program Files\Java\jdk1.8.0_141\jre\lib\jsse.jar;C:\Program Files\Java\jdk1.8.0_141\jre\lib\management-agent.jar;C:\Program Files\Java\jdk1.8.0_141\jre\lib\plugin.jar;C:\Program Files\Java\jdk1.8.0_141\jre\lib\resources.jar;C:\Program Files\Java\jdk1.8.0_141\jre\lib\rt.jar;E:\Programming\htdocs\TDD\tdd-java-ch03-tic-tac-toe\build\classes\test;E:\Programming\htdocs\TDD\tdd-java-ch03-tic-tac-toe\build\classes\main;C:\Users\arama\.gradle\caches\modules-2\files-2.1\junit\junit\4.12\2973d150c0dc1fefe998f834810d68f278ea58ec\junit-4.12.jar;C:\Users\arama\.gradle\caches\modules-2\files-2.1\org.hamcrest\hamcrest-core\1.3\42a25dc3219429f0e5d060061f71acb49bf010a0\hamcrest-core-1.3.jar;C:\Users\arama\.IntelliJIdea2017.1\system\groovyHotSwap\gragent.jar
Launcher Type: SUN_STANDARD

Environment Variables:
JAVA_HOME=C:\Program Files\Java\jdk1.8.0_121
PATH=c:\programdata\oracle\java\javapath;c:\program files (x86)\intel\icls client\;c:\program files\intel\icls client\;c:\windows\system32;c:\windows;c:\windows\system32\wbem;c:\windows\system32\windowspowershell\v1.0\;c:\program files\intel\intel(r) management engine components\dal;c:\program files (x86)\intel\intel(r) management engine components\dal;c:\program files\intel\intel(r) management engine components\ipt;c:\program files (x86)\intel\intel(r) management engine components\ipt;c:\program files (x86)\lua\5.1;c:\program files (x86)\lua\5.1\clibs;c:\program files\java\jdk1.8.0_121\bin;c:\program files (x86)\skype\phone\;C:\Program Files (x86)\NVIDIA Corporation\PhysX\Common;C:\Program Files (x86)\ATI Technologies\ATI.ACE\Core-Static;C:\Program Files\Microsoft SQL Server\130\Tools\Binn\;C:\Program Files\dotnet\;C:\Program Files\Git\cmd;C:\Program Files (x86)\Microsoft SQL Server\Client SDK\ODBC\130\Tools\Binn\;C:\Program Files (x86)\Microsoft SQL Server\130\Tools\Binn\;C:\Program Files (x86)\Microsoft SQL Server\130\DTS\Binn\;C:\Program Files (x86)\Microsoft SQL Server\130\Tools\Binn\ManagementStudio\;C:\xampp\php\;C:\ProgramData\ComposerSetup\bin;C:\Program Files\MongoDB\Server\3.4\bin\;C:\Program Files\nodejs\;C:\Users\arama\AppData\Roaming\Composer\vendor\bin;C:\Users\arama\AppData\Roaming\npm
USERNAME=arama
OS=Windows_NT
PROCESSOR_IDENTIFIER=Intel64 Family 6 Model 60 Stepping 3, GenuineIntel



---------------  S Y S T E M  ---------------

OS: Windows 7 , 64 bit Build 7601 (6.1.7601.23915)

CPU:total 8 (initial active 8) (4 cores per cpu, 2 threads per core) family 6 model 60 stepping 3, cmov, cx8, fxsr, mmx, sse, sse2, sse3, ssse3, sse4.1, sse4.2, popcnt, avx, avx2, aes, clmul, erms, lzcnt, ht, tsc, tscinvbit, bmi1, bmi2

Memory: 4k page, physical 33504036k(4074124k free), swap 34550752k(5608k free)

vm_info: Java HotSpot(TM) 64-Bit Server VM (25.141-b15) for windows-amd64 JRE (1.8.0_141-b15), built on Jul 12 2017 04:25:12 by "java_re" with MS VC++ 10.0 (VS2010)

time: Thu Mar 01 10:03:06 2018
elapsed time: 0 seconds (0d 0h 0m 0s)

